<?xml version="1.0" encoding="UTF-8"?>
<testng-results ignored="0" total="2" passed="2" failed="0" skipped="0">
  <reporter-output>
  </reporter-output>
  <suite started-at="2024-04-19T12:30:32 IST" name="Default suite" finished-at="2024-04-19T12:31:03 IST" duration-ms="30382">
    <groups>
    </groups>
    <test started-at="2024-04-19T12:30:32 IST" name="Default test" finished-at="2024-04-19T12:31:03 IST" duration-ms="30382">
      <class name="com.testcases.debug_mode">
        <test-method is-config="true" signature="generateReport()[pri:0, instance:com.testcases.debug_mode@27e0f2f5]" started-at="2024-04-19T12:30:32 IST" name="generateReport" finished-at="2024-04-19T12:30:32 IST" duration-ms="126" status="PASS">
          <reporter-output>
          </reporter-output>
        </test-method> <!-- generateReport -->
        <test-method signature="setup()[pri:0, instance:com.testcases.debug_mode@27e0f2f5]" started-at="2024-04-19T12:30:32 IST" name="setup" finished-at="2024-04-19T12:30:52 IST" duration-ms="19315" status="PASS">
          <reporter-output>
          </reporter-output>
        </test-method> <!-- setup -->
        <test-method signature="test_debug()[pri:0, instance:com.testcases.debug_mode@27e0f2f5]" started-at="2024-04-19T12:30:52 IST" name="test_debug" finished-at="2024-04-19T12:31:03 IST" duration-ms="11028" status="PASS">
          <reporter-output>
          </reporter-output>
        </test-method> <!-- test_debug -->
        <test-method is-config="true" signature="tearDown()[pri:0, instance:com.testcases.debug_mode@27e0f2f5]" started-at="2024-04-19T12:31:03 IST" name="tearDown" finished-at="2024-04-19T12:31:03 IST" duration-ms="605" status="PASS">
          <reporter-output>
          </reporter-output>
        </test-method> <!-- tearDown -->
      </class> <!-- com.testcases.debug_mode -->
    </test> <!-- Default test -->
  </suite> <!-- Default suite -->
</testng-results>
