<?xml version="1.0" encoding="UTF-8"?>
<testng-results ignored="0" total="1" passed="1" failed="0" skipped="0">
  <reporter-output>
  </reporter-output>
  <suite started-at="2024-04-17T16:49:30 IST" name="Default suite" finished-at="2024-04-17T16:49:35 IST" duration-ms="5651">
    <groups>
    </groups>
    <test started-at="2024-04-17T16:49:30 IST" name="Default test" finished-at="2024-04-17T16:49:35 IST" duration-ms="5651">
      <class name="Test.CreateReports">
        <test-method is-config="true" signature="generateReport()[pri:0, instance:Test.CreateReports@534a5a98]" started-at="2024-04-17T16:49:29 IST" name="generateReport" finished-at="2024-04-17T16:49:30 IST" duration-ms="160" status="PASS">
          <reporter-output>
          </reporter-output>
        </test-method> <!-- generateReport -->
        <test-method is-config="true" signature="launchBrowser()[pri:0, instance:Test.CreateReports@534a5a98]" started-at="2024-04-17T16:49:30 IST" name="launchBrowser" finished-at="2024-04-17T16:49:35 IST" duration-ms="5190" status="PASS">
          <reporter-output>
          </reporter-output>
        </test-method> <!-- launchBrowser -->
        <test-method signature="testReports()[pri:0, instance:Test.CreateReports@534a5a98]" started-at="2024-04-17T16:49:35 IST" name="testReports" finished-at="2024-04-17T16:49:35 IST" duration-ms="323" status="PASS">
          <reporter-output>
          </reporter-output>
        </test-method> <!-- testReports -->
        <test-method is-config="true" signature="close()[pri:0, instance:Test.CreateReports@534a5a98]" started-at="2024-04-17T16:49:35 IST" name="close" finished-at="2024-04-17T16:49:35 IST" duration-ms="106" status="PASS">
          <reporter-output>
          </reporter-output>
        </test-method> <!-- close -->
        <test-method is-config="true" signature="tearDown()[pri:0, instance:Test.CreateReports@534a5a98]" started-at="2024-04-17T16:49:35 IST" name="tearDown" finished-at="2024-04-17T16:49:36 IST" duration-ms="273" status="PASS">
          <reporter-output>
          </reporter-output>
        </test-method> <!-- tearDown -->
      </class> <!-- Test.CreateReports -->
    </test> <!-- Default test -->
  </suite> <!-- Default suite -->
</testng-results>
