<?xml version="1.0" encoding="UTF-8"?>
<testng-results skipped="0" failed="0" ignored="0" total="1" passed="1">
  <reporter-output>
  </reporter-output>
  <suite name="Suite" duration-ms="16191" started-at="2024-04-18T16:14:01 IST" finished-at="2024-04-18T16:14:17 IST">
    <groups>
    </groups>
    <test name="Test" duration-ms="16191" started-at="2024-04-18T16:14:01 IST" finished-at="2024-04-18T16:14:17 IST">
      <class name="com.testcases.Global_test">
        <test-method status="PASS" signature="generateReport()[pri:0, instance:com.testcases.Global_test@7ea9e1e2]" name="generateReport" is-config="true" duration-ms="81" started-at="2024-04-18T16:14:01 IST" finished-at="2024-04-18T16:14:01 IST">
          <reporter-output>
          </reporter-output>
        </test-method> <!-- generateReport -->
        <test-method status="PASS" signature="setup()[pri:0, instance:com.testcases.Global_test@7ea9e1e2]" name="setup" is-config="true" duration-ms="4115" started-at="2024-04-18T16:14:01 IST" finished-at="2024-04-18T16:14:05 IST">
          <reporter-output>
          </reporter-output>
        </test-method> <!-- setup -->
        <test-method status="PASS" signature="set()[pri:0, instance:com.testcases.Global_test@7ea9e1e2]" name="set" duration-ms="12057" started-at="2024-04-18T16:14:05 IST" finished-at="2024-04-18T16:14:17 IST">
          <reporter-output>
          </reporter-output>
        </test-method> <!-- set -->
        <test-method status="PASS" signature="tearDown()[pri:0, instance:com.testcases.Global_test@7ea9e1e2]" name="tearDown" is-config="true" duration-ms="464" started-at="2024-04-18T16:14:17 IST" finished-at="2024-04-18T16:14:17 IST">
          <reporter-output>
          </reporter-output>
        </test-method> <!-- tearDown -->
      </class> <!-- com.testcases.Global_test -->
    </test> <!-- Test -->
  </suite> <!-- Suite -->
</testng-results>
